2022-11-23 13:15:41:1541 - [32minfo[39m - [32mAplicacao funcionando na porta: 3000[39m
2022-11-23 13:16:40:1640 - [32minfo[39m - [32mAplicacao funcionando na porta: 3000[39m
2022-11-23 13:16:43:1643 - [32minfo[39m - [32mAplicacao funcionando na porta: 3000[39m
2022-11-23 13:16:54:1654 - [32minfo[39m - [32mAplicacao funcionando na porta: 3000[39m
2022-11-23 13:18:02:182 - [32minfo[39m - [32mconectou ao banco de dados![39m
2022-11-23 13:18:02:182 - [32minfo[39m - [32mAplicacao funcionando na porta: 3000[39m
2022-11-23 13:18:14:1814 - [32minfo[39m - [32mconectou ao banco de dados![39m
2022-11-23 13:18:14:1814 - [32minfo[39m - [32mAplicacao funcionando na porta: 3000[39m
2022-11-23 13:18:25:1825 - [32minfo[39m - [32mconectou ao banco de dados![39m
2022-11-23 13:18:25:1825 - [32minfo[39m - [32mAplicacao funcionando na porta: 3000[39m
2022-11-23 13:50:33:5033 - [32minfo[39m - [32mconectou ao banco de dados![39m
2022-11-23 13:50:33:5033 - [32minfo[39m - [32mAplicacao funcionando na porta: 3000[39m
2022-11-23 13:50:40:5040 - [32minfo[39m - [32mconectou ao banco de dados![39m
2022-11-23 13:50:40:5040 - [32minfo[39m - [32mAplicacao funcionando na porta: 3000[39m
2022-11-23 13:50:47:5047 - [32minfo[39m - [32mconectou ao banco de dados![39m
2022-11-23 13:50:47:5047 - [32minfo[39m - [32mAplicacao funcionando na porta: 3000[39m
2022-11-23 13:51:28:5128 - [31merror[39m - [31mNao foi possivel conectar[39m
2022-11-23 13:51:32:5132 - [32minfo[39m - [32mconectou ao banco de dados![39m
2022-11-23 13:51:32:5132 - [32minfo[39m - [32mAplicacao funcionando na porta: 3000[39m
2022-11-23 13:59:28:5928 - [32minfo[39m - [32mconectou ao banco de dados![39m
2022-11-23 13:59:28:5928 - [32minfo[39m - [32mAplicacao funcionando na porta: 3000[39m
2022-11-23 13:59:33:5933 - [32minfo[39m - [32mconectou ao banco de dados![39m
2022-11-23 13:59:33:5933 - [32minfo[39m - [32mAplicacao funcionando na porta: 3000[39m
2022-11-23 13:59:37:5937 - [32minfo[39m - [32mconectou ao banco de dados![39m
2022-11-23 13:59:37:5937 - [32minfo[39m - [32mAplicacao funcionando na porta: 3000[39m
2022-11-23 13:59:51:5951 - [32minfo[39m - [32mconectou ao banco de dados![39m
2022-11-23 13:59:51:5951 - [32minfo[39m - [32mAplicacao funcionando na porta: 3000[39m
2022-11-23 13:59:53:5953 - [32minfo[39m - [32mconectou ao banco de dados![39m
2022-11-23 13:59:53:5953 - [32minfo[39m - [32mAplicacao funcionando na porta: 3000[39m
2022-11-23 14:00:30:030 - [32minfo[39m - [32mconectou ao banco de dados![39m
2022-11-23 14:00:30:030 - [32minfo[39m - [32mAplicacao funcionando na porta: 3000[39m
2022-11-23 14:00:32:032 - [32minfo[39m - [32mconectou ao banco de dados![39m
2022-11-23 14:00:32:032 - [32minfo[39m - [32mAplicacao funcionando na porta: 3000[39m
2022-11-23 14:10:40:1040 - [32minfo[39m - [32mconectou ao banco de dados![39m
2022-11-23 14:10:40:1040 - [32minfo[39m - [32mAplicacao funcionando na porta: 3000[39m
2022-11-23 14:10:45:1045 - [32minfo[39m - [32mconectou ao banco de dados![39m
2022-11-23 14:10:45:1045 - [32minfo[39m - [32mAplicacao funcionando na porta: 3000[39m
2022-11-23 16:47:37:4737 - [32minfo[39m - [32mconectou ao banco de dados![39m
2022-11-23 16:47:37:4737 - [32minfo[39m - [32mAplicacao funcionando na porta: 3000[39m
2022-11-23 16:47:48:4748 - [32minfo[39m - [32mconectou ao banco de dados![39m
2022-11-23 16:47:48:4748 - [32minfo[39m - [32mAplicacao funcionando na porta: 3000[39m
2022-11-23 16:47:57:4757 - [32minfo[39m - [32mconectou ao banco de dados![39m
2022-11-23 16:47:57:4757 - [32minfo[39m - [32mAplicacao funcionando na porta: 3000[39m
2022-11-23 16:48:10:4810 - [32minfo[39m - [32mconectou ao banco de dados![39m
2022-11-23 16:48:10:4810 - [32minfo[39m - [32mAplicacao funcionando na porta: 3000[39m
2022-11-23 16:48:14:4814 - [32minfo[39m - [32mconectou ao banco de dados![39m
2022-11-23 16:48:14:4814 - [32minfo[39m - [32mAplicacao funcionando na porta: 3000[39m
2022-11-23 16:48:21:4821 - [32minfo[39m - [32mconectou ao banco de dados![39m
2022-11-23 16:48:21:4821 - [32minfo[39m - [32mAplicacao funcionando na porta: 3000[39m
2022-11-23 16:48:25:4825 - [32minfo[39m - [32mconectou ao banco de dados![39m
2022-11-23 16:48:25:4825 - [32minfo[39m - [32mAplicacao funcionando na porta: 3000[39m
2022-11-23 16:48:30:4830 - [32minfo[39m - [32mconectou ao banco de dados![39m
2022-11-23 16:48:30:4830 - [32minfo[39m - [32mAplicacao funcionando na porta: 3000[39m
2022-11-23 16:48:32:4832 - [32minfo[39m - [32mconectou ao banco de dados![39m
2022-11-23 16:48:32:4832 - [32minfo[39m - [32mAplicacao funcionando na porta: 3000[39m
2022-11-23 16:48:46:4846 - [32minfo[39m - [32mconectou ao banco de dados![39m
2022-11-23 16:48:46:4846 - [32minfo[39m - [32mAplicacao funcionando na porta: 3000[39m
2022-11-23 16:48:53:4853 - [32minfo[39m - [32mconectou ao banco de dados![39m
2022-11-23 16:48:53:4853 - [32minfo[39m - [32mAplicacao funcionando na porta: 3000[39m
2022-11-23 16:48:57:4857 - [32minfo[39m - [32mconectou ao banco de dados![39m
2022-11-23 16:48:57:4857 - [32minfo[39m - [32mAplicacao funcionando na porta: 3000[39m
2022-11-23 16:49:02:492 - [32minfo[39m - [32mconectou ao banco de dados![39m
2022-11-23 16:49:02:492 - [32minfo[39m - [32mAplicacao funcionando na porta: 3000[39m
2022-11-23 16:49:14:4914 - [32minfo[39m - [32mconectou ao banco de dados![39m
2022-11-23 16:49:14:4914 - [32minfo[39m - [32mAplicacao funcionando na porta: 3000[39m
2022-11-23 16:49:18:4918 - [32minfo[39m - [32mconectou ao banco de dados![39m
2022-11-23 16:49:18:4918 - [32minfo[39m - [32mAplicacao funcionando na porta: 3000[39m
2022-11-23 16:49:22:4922 - [32minfo[39m - [32mconectou ao banco de dados![39m
2022-11-23 16:49:22:4922 - [32minfo[39m - [32mAplicacao funcionando na porta: 3000[39m
2022-11-23 16:49:35:4935 - [32minfo[39m - [32mconectou ao banco de dados![39m
2022-11-23 16:49:35:4935 - [32minfo[39m - [32mAplicacao funcionando na porta: 3000[39m
2022-11-23 16:49:41:4941 - [32minfo[39m - [32mconectou ao banco de dados![39m
2022-11-23 16:49:41:4941 - [32minfo[39m - [32mAplicacao funcionando na porta: 3000[39m
2022-11-23 17:25:53:2553 - [32minfo[39m - [32mconectou ao banco de dados![39m
2022-11-23 17:25:53:2553 - [32minfo[39m - [32mAplicacao funcionando na porta: 3000[39m
2022-11-23 17:26:07:267 - [32minfo[39m - [32mconectou ao banco de dados![39m
2022-11-23 17:26:07:267 - [32minfo[39m - [32mAplicacao funcionando na porta: 3000[39m
2022-11-23 17:26:28:2628 - [32minfo[39m - [32mconectou ao banco de dados![39m
2022-11-23 17:26:28:2628 - [32minfo[39m - [32mAplicacao funcionando na porta: 3000[39m
2022-11-23 17:45:20:4520 - [32minfo[39m - [32mconectou ao banco de dados![39m
2022-11-23 17:45:20:4520 - [32minfo[39m - [32mAplicacao funcionando na porta: 3000[39m
2022-11-23 17:45:27:4527 - [32minfo[39m - [32mconectou ao banco de dados![39m
2022-11-23 17:45:27:4527 - [32minfo[39m - [32mAplicacao funcionando na porta: 3000[39m
2022-11-23 17:46:00:460 - [32minfo[39m - [32mconectou ao banco de dados![39m
2022-11-23 17:46:00:460 - [32minfo[39m - [32mAplicacao funcionando na porta: 3000[39m
2022-11-23 17:46:06:466 - [32minfo[39m - [32mconectou ao banco de dados![39m
2022-11-23 17:46:06:466 - [32minfo[39m - [32mAplicacao funcionando na porta: 3000[39m
2022-11-23 17:46:17:4617 - [32minfo[39m - [32mconectou ao banco de dados![39m
2022-11-23 17:46:17:4617 - [32minfo[39m - [32mAplicacao funcionando na porta: 3000[39m
2022-11-23 17:46:31:4631 - [32minfo[39m - [32mconectou ao banco de dados![39m
2022-11-23 17:46:31:4631 - [32minfo[39m - [32mAplicacao funcionando na porta: 3000[39m
2022-11-23 17:46:36:4636 - [32minfo[39m - [32mconectou ao banco de dados![39m
2022-11-23 17:46:36:4636 - [32minfo[39m - [32mAplicacao funcionando na porta: 3000[39m
2022-11-23 17:46:50:4650 - [32minfo[39m - [32mconectou ao banco de dados![39m
2022-11-23 17:46:50:4650 - [32minfo[39m - [32mAplicacao funcionando na porta: 3000[39m
2022-11-23 17:46:55:4655 - [32minfo[39m - [32mconectou ao banco de dados![39m
2022-11-23 17:46:55:4655 - [32minfo[39m - [32mAplicacao funcionando na porta: 3000[39m
2022-11-23 17:46:58:4658 - [32minfo[39m - [32mconectou ao banco de dados![39m
2022-11-23 17:46:58:4658 - [32minfo[39m - [32mAplicacao funcionando na porta: 3000[39m
2022-11-23 17:47:01:471 - [32minfo[39m - [32mconectou ao banco de dados![39m
2022-11-23 17:47:01:471 - [32minfo[39m - [32mAplicacao funcionando na porta: 3000[39m
2022-11-23 17:47:18:4718 - [32minfo[39m - [32mconectou ao banco de dados![39m
2022-11-23 17:47:18:4718 - [32minfo[39m - [32mAplicacao funcionando na porta: 3000[39m
2022-11-23 17:47:30:4730 - [32minfo[39m - [32mconectou ao banco de dados![39m
2022-11-23 17:47:30:4730 - [32minfo[39m - [32mAplicacao funcionando na porta: 3000[39m
2022-11-23 17:47:35:4735 - [32minfo[39m - [32mconectou ao banco de dados![39m
2022-11-23 17:47:35:4735 - [32minfo[39m - [32mAplicacao funcionando na porta: 3000[39m
2022-11-23 17:48:13:4813 - [32minfo[39m - [32mconectou ao banco de dados![39m
2022-11-23 17:48:13:4813 - [32minfo[39m - [32mAplicacao funcionando na porta: 3000[39m
2022-11-23 17:48:19:4819 - [32minfo[39m - [32mconectou ao banco de dados![39m
2022-11-23 17:48:19:4819 - [32minfo[39m - [32mAplicacao funcionando na porta: 3000[39m
2022-11-23 17:48:28:4828 - [32minfo[39m - [32mconectou ao banco de dados![39m
2022-11-23 17:48:28:4828 - [32minfo[39m - [32mAplicacao funcionando na porta: 3000[39m
2022-11-23 17:48:41:4841 - [32minfo[39m - [32mconectou ao banco de dados![39m
2022-11-23 17:48:41:4841 - [32minfo[39m - [32mAplicacao funcionando na porta: 3000[39m
2022-11-23 17:49:05:495 - [32minfo[39m - [32mconectou ao banco de dados![39m
2022-11-23 17:49:05:495 - [32minfo[39m - [32mAplicacao funcionando na porta: 3000[39m
2022-11-23 17:49:13:4913 - [32minfo[39m - [32mconectou ao banco de dados![39m
2022-11-23 17:49:13:4913 - [32minfo[39m - [32mAplicacao funcionando na porta: 3000[39m
2022-11-23 17:49:26:4926 - [32minfo[39m - [32mconectou ao banco de dados![39m
2022-11-23 17:49:26:4926 - [32minfo[39m - [32mAplicacao funcionando na porta: 3000[39m
2022-11-23 17:49:30:4930 - [32minfo[39m - [32mconectou ao banco de dados![39m
2022-11-23 17:49:30:4930 - [32minfo[39m - [32mAplicacao funcionando na porta: 3000[39m
2022-11-23 17:49:36:4936 - [32minfo[39m - [32mconectou ao banco de dados![39m
2022-11-23 17:49:36:4936 - [32minfo[39m - [32mAplicacao funcionando na porta: 3000[39m
2022-11-23 17:49:55:4955 - [32minfo[39m - [32mconectou ao banco de dados![39m
2022-11-23 17:49:55:4955 - [32minfo[39m - [32mAplicacao funcionando na porta: 3000[39m
2022-11-23 17:49:57:4957 - [32minfo[39m - [32mconectou ao banco de dados![39m
2022-11-23 17:49:57:4957 - [32minfo[39m - [32mAplicacao funcionando na porta: 3000[39m
2022-11-23 17:50:03:503 - [32minfo[39m - [32mconectou ao banco de dados![39m
2022-11-23 17:50:03:503 - [32minfo[39m - [32mAplicacao funcionando na porta: 3000[39m
2022-11-23 17:50:05:505 - [32minfo[39m - [32mconectou ao banco de dados![39m
2022-11-23 17:50:05:505 - [32minfo[39m - [32mAplicacao funcionando na porta: 3000[39m
2022-11-23 17:50:14:5014 - [32minfo[39m - [32mconectou ao banco de dados![39m
2022-11-23 17:50:14:5014 - [32minfo[39m - [32mAplicacao funcionando na porta: 3000[39m
2022-11-23 17:50:16:5016 - [32minfo[39m - [32mconectou ao banco de dados![39m
2022-11-23 17:50:16:5016 - [32minfo[39m - [32mAplicacao funcionando na porta: 3000[39m
2022-11-23 17:50:22:5022 - [32minfo[39m - [32mconectou ao banco de dados![39m
2022-11-23 17:50:22:5022 - [32minfo[39m - [32mAplicacao funcionando na porta: 3000[39m
2022-11-23 17:50:28:5028 - [32minfo[39m - [32mconectou ao banco de dados![39m
2022-11-23 17:50:28:5028 - [32minfo[39m - [32mAplicacao funcionando na porta: 3000[39m
2022-11-23 17:50:38:5038 - [32minfo[39m - [32mconectou ao banco de dados![39m
2022-11-23 17:50:38:5038 - [32minfo[39m - [32mAplicacao funcionando na porta: 3000[39m
2022-11-23 17:50:53:5053 - [32minfo[39m - [32mconectou ao banco de dados![39m
2022-11-23 17:50:53:5053 - [32minfo[39m - [32mAplicacao funcionando na porta: 3000[39m
2022-11-23 17:51:21:5121 - [32minfo[39m - [32mconectou ao banco de dados![39m
2022-11-23 17:51:21:5121 - [32minfo[39m - [32mAplicacao funcionando na porta: 3000[39m
2022-11-23 17:51:26:5126 - [32minfo[39m - [32mconectou ao banco de dados![39m
2022-11-23 17:51:26:5126 - [32minfo[39m - [32mAplicacao funcionando na porta: 3000[39m
2022-11-23 17:55:44:5544 - [32minfo[39m - [32mconectou ao banco de dados![39m
2022-11-23 17:55:44:5544 - [32minfo[39m - [32mAplicacao funcionando na porta: 3000[39m
2022-11-23 17:55:50:5550 - [32minfo[39m - [32mconectou ao banco de dados![39m
2022-11-23 17:55:50:5550 - [32minfo[39m - [32mAplicacao funcionando na porta: 3000[39m
2022-11-23 17:55:53:5553 - [32minfo[39m - [32mconectou ao banco de dados![39m
2022-11-23 17:55:53:5553 - [32minfo[39m - [32mAplicacao funcionando na porta: 3000[39m
2022-11-23 17:55:57:5557 - [32minfo[39m - [32mconectou ao banco de dados![39m
2022-11-23 17:55:57:5557 - [32minfo[39m - [32mAplicacao funcionando na porta: 3000[39m
2022-11-23 17:56:07:567 - [32minfo[39m - [32mconectou ao banco de dados![39m
2022-11-23 17:56:07:567 - [32minfo[39m - [32mAplicacao funcionando na porta: 3000[39m
2022-11-23 17:56:12:5612 - [32minfo[39m - [32mconectou ao banco de dados![39m
2022-11-23 17:56:12:5612 - [32minfo[39m - [32mAplicacao funcionando na porta: 3000[39m
2022-11-23 17:56:53:5653 - [32minfo[39m - [32mconectou ao banco de dados![39m
2022-11-23 17:56:53:5653 - [32minfo[39m - [32mAplicacao funcionando na porta: 3000[39m
2022-11-23 17:56:57:5657 - [32minfo[39m - [32mconectou ao banco de dados![39m
2022-11-23 17:56:57:5657 - [32minfo[39m - [32mAplicacao funcionando na porta: 3000[39m
2022-11-23 17:57:00:570 - [32minfo[39m - [32mconectou ao banco de dados![39m
2022-11-23 17:57:00:570 - [32minfo[39m - [32mAplicacao funcionando na porta: 3000[39m
2022-11-23 17:57:06:576 - [32minfo[39m - [32mconectou ao banco de dados![39m
2022-11-23 17:57:06:576 - [32minfo[39m - [32mAplicacao funcionando na porta: 3000[39m
2022-11-23 17:57:10:5710 - [32minfo[39m - [32mconectou ao banco de dados![39m
2022-11-23 17:57:10:5710 - [32minfo[39m - [32mAplicacao funcionando na porta: 3000[39m
2022-11-23 17:57:14:5714 - [32minfo[39m - [32mconectou ao banco de dados![39m
2022-11-23 17:57:14:5714 - [32minfo[39m - [32mAplicacao funcionando na porta: 3000[39m
2022-11-23 17:57:26:5726 - [32minfo[39m - [32mconectou ao banco de dados![39m
2022-11-23 17:57:26:5726 - [32minfo[39m - [32mAplicacao funcionando na porta: 3000[39m
2022-11-23 17:57:30:5730 - [32minfo[39m - [32mconectou ao banco de dados![39m
2022-11-23 17:57:30:5730 - [32minfo[39m - [32mAplicacao funcionando na porta: 3000[39m
2022-11-23 17:57:33:5733 - [32minfo[39m - [32mconectou ao banco de dados![39m
2022-11-23 17:57:33:5733 - [32minfo[39m - [32mAplicacao funcionando na porta: 3000[39m
2022-11-23 18:06:47:647 - [32minfo[39m - [32mconectou ao banco de dados![39m
2022-11-23 18:06:47:647 - [32minfo[39m - [32mAplicacao funcionando na porta: 3000[39m
2022-11-23 18:06:53:653 - [32minfo[39m - [32mconectou ao banco de dados![39m
2022-11-23 18:06:53:653 - [32minfo[39m - [32mAplicacao funcionando na porta: 3000[39m
2022-11-23 18:06:58:658 - [32minfo[39m - [32mconectou ao banco de dados![39m
2022-11-23 18:06:58:658 - [32minfo[39m - [32mAplicacao funcionando na porta: 3000[39m
2022-11-23 18:07:06:76 - [32minfo[39m - [32mconectou ao banco de dados![39m
2022-11-23 18:07:06:76 - [32minfo[39m - [32mAplicacao funcionando na porta: 3000[39m
2022-11-23 18:07:12:712 - [32minfo[39m - [32mconectou ao banco de dados![39m
2022-11-23 18:07:12:712 - [32minfo[39m - [32mAplicacao funcionando na porta: 3000[39m
2022-11-23 18:07:24:724 - [32minfo[39m - [32mconectou ao banco de dados![39m
2022-11-23 18:07:24:724 - [32minfo[39m - [32mAplicacao funcionando na porta: 3000[39m
2022-11-23 18:07:52:752 - [32minfo[39m - [32mconectou ao banco de dados![39m
2022-11-23 18:07:52:752 - [32minfo[39m - [32mAplicacao funcionando na porta: 3000[39m
2022-11-23 18:07:59:759 - [32minfo[39m - [32mconectou ao banco de dados![39m
2022-11-23 18:07:59:759 - [32minfo[39m - [32mAplicacao funcionando na porta: 3000[39m
2022-11-23 18:08:28:828 - [32minfo[39m - [32mconectou ao banco de dados![39m
2022-11-23 18:08:28:828 - [32minfo[39m - [32mAplicacao funcionando na porta: 3000[39m
2022-11-23 18:08:42:842 - [32minfo[39m - [32mconectou ao banco de dados![39m
2022-11-23 18:08:42:842 - [32minfo[39m - [32mAplicacao funcionando na porta: 3000[39m
2022-11-23 18:08:48:848 - [32minfo[39m - [32mconectou ao banco de dados![39m
2022-11-23 18:08:48:848 - [32minfo[39m - [32mAplicacao funcionando na porta: 3000[39m
2022-11-23 18:08:52:852 - [32minfo[39m - [32mconectou ao banco de dados![39m
2022-11-23 18:08:52:852 - [32minfo[39m - [32mAplicacao funcionando na porta: 3000[39m
2022-11-23 18:09:07:97 - [32minfo[39m - [32mconectou ao banco de dados![39m
2022-11-23 18:09:07:97 - [32minfo[39m - [32mAplicacao funcionando na porta: 3000[39m
2022-11-23 18:09:11:911 - [32minfo[39m - [32mconectou ao banco de dados![39m
2022-11-23 18:09:11:911 - [32minfo[39m - [32mAplicacao funcionando na porta: 3000[39m
2022-11-23 18:09:16:916 - [32minfo[39m - [32mconectou ao banco de dados![39m
2022-11-23 18:09:16:916 - [32minfo[39m - [32mAplicacao funcionando na porta: 3000[39m
2022-11-23 18:09:23:923 - [32minfo[39m - [32mconectou ao banco de dados![39m
2022-11-23 18:09:23:923 - [32minfo[39m - [32mAplicacao funcionando na porta: 3000[39m
2022-11-23 18:09:31:931 - [32minfo[39m - [32mconectou ao banco de dados![39m
2022-11-23 18:09:31:931 - [32minfo[39m - [32mAplicacao funcionando na porta: 3000[39m
2022-11-23 18:09:35:935 - [32minfo[39m - [32mconectou ao banco de dados![39m
2022-11-23 18:09:35:935 - [32minfo[39m - [32mAplicacao funcionando na porta: 3000[39m
2022-11-23 18:09:41:941 - [32minfo[39m - [32mconectou ao banco de dados![39m
2022-11-23 18:09:41:941 - [32minfo[39m - [32mAplicacao funcionando na porta: 3000[39m
2022-11-23 18:09:45:945 - [32minfo[39m - [32mconectou ao banco de dados![39m
2022-11-23 18:09:45:945 - [32minfo[39m - [32mAplicacao funcionando na porta: 3000[39m
2022-11-23 18:09:54:954 - [32minfo[39m - [32mconectou ao banco de dados![39m
2022-11-23 18:09:54:954 - [32minfo[39m - [32mAplicacao funcionando na porta: 3000[39m
2022-11-23 18:10:00:100 - [32minfo[39m - [32mconectou ao banco de dados![39m
2022-11-23 18:10:00:100 - [32minfo[39m - [32mAplicacao funcionando na porta: 3000[39m
2022-11-23 18:10:14:1014 - [32minfo[39m - [32mconectou ao banco de dados![39m
2022-11-23 18:10:14:1014 - [32minfo[39m - [32mAplicacao funcionando na porta: 3000[39m
2022-11-23 18:11:20:1120 - [31merror[39m - [31mErro no sistema: Cast to ObjectId failed for value "637e8aa7485fd06846d0acf" (type string) at path "_id" for model "Movie"[39m
2022-11-23 18:13:19:1319 - [31merror[39m - [31mErro no sistema: Cast to ObjectId failed for value "637e8aa7485fd0684 " (type string) at path "_id" for model "Movie"[39m
2022-11-23 18:14:22:1422 - [32minfo[39m - [32mconectou ao banco de dados![39m
2022-11-23 18:14:22:1422 - [32minfo[39m - [32mAplicacao funcionando na porta: 3000[39m
2022-11-23 18:14:37:1437 - [32minfo[39m - [32mconectou ao banco de dados![39m
2022-11-23 18:14:37:1437 - [32minfo[39m - [32mAplicacao funcionando na porta: 3000[39m
2022-11-23 18:15:14:1514 - [32minfo[39m - [32mconectou ao banco de dados![39m
2022-11-23 18:15:14:1514 - [32minfo[39m - [32mAplicacao funcionando na porta: 3000[39m
2022-11-23 18:15:19:1519 - [32minfo[39m - [32mconectou ao banco de dados![39m
2022-11-23 18:15:19:1519 - [32minfo[39m - [32mAplicacao funcionando na porta: 3000[39m
2022-11-23 18:16:37:1637 - [32minfo[39m - [32mconectou ao banco de dados![39m
2022-11-23 18:16:37:1637 - [32minfo[39m - [32mAplicacao funcionando na porta: 3000[39m
2022-11-23 18:17:21:1721 - [32minfo[39m - [32mconectou ao banco de dados![39m
2022-11-23 18:17:21:1721 - [32minfo[39m - [32mAplicacao funcionando na porta: 3000[39m
2022-11-23 18:17:23:1723 - [32minfo[39m - [32mconectou ao banco de dados![39m
2022-11-23 18:17:23:1723 - [32minfo[39m - [32mAplicacao funcionando na porta: 3000[39m
2022-11-23 18:17:39:1739 - [32minfo[39m - [32mconectou ao banco de dados![39m
2022-11-23 18:17:39:1739 - [32minfo[39m - [32mAplicacao funcionando na porta: 3000[39m
2022-11-23 18:17:48:1748 - [32minfo[39m - [32mErro no sistema: Cast to ObjectId failed for value "637e8aa7485fd06846 " (type string) at path "_id" for model "Movie"[39m
2022-11-23 18:19:39:1939 - [32minfo[39m - [32mconectou ao banco de dados![39m
2022-11-23 18:19:39:1939 - [32minfo[39m - [32mAplicacao funcionando na porta: 3000[39m
2022-11-23 18:20:36:2036 - [32minfo[39m - [32mconectou ao banco de dados![39m
2022-11-23 18:20:36:2036 - [32minfo[39m - [32mAplicacao funcionando na porta: 3000[39m
2022-11-23 18:20:46:2046 - [32minfo[39m - [32mconectou ao banco de dados![39m
2022-11-23 18:20:46:2046 - [32minfo[39m - [32mAplicacao funcionando na porta: 3000[39m
2022-11-23 18:20:55:2055 - [32minfo[39m - [32mconectou ao banco de dados![39m
2022-11-23 18:20:55:2055 - [32minfo[39m - [32mAplicacao funcionando na porta: 3000[39m
2022-11-23 18:20:59:2059 - [32minfo[39m - [32mconectou ao banco de dados![39m
2022-11-23 18:20:59:2059 - [32minfo[39m - [32mAplicacao funcionando na porta: 3000[39m
2022-11-23 18:21:11:2111 - [32minfo[39m - [32mconectou ao banco de dados![39m
2022-11-23 18:21:11:2111 - [32minfo[39m - [32mAplicacao funcionando na porta: 3000[39m
2022-11-23 18:21:24:2124 - [32minfo[39m - [32mconectou ao banco de dados![39m
2022-11-23 18:21:24:2124 - [32minfo[39m - [32mAplicacao funcionando na porta: 3000[39m
2022-11-23 18:22:23:2223 - [32minfo[39m - [32mconectou ao banco de dados![39m
2022-11-23 18:22:23:2223 - [32minfo[39m - [32mAplicacao funcionando na porta: 3000[39m
2022-11-23 18:22:27:2227 - [32minfo[39m - [32mconectou ao banco de dados![39m
2022-11-23 18:22:27:2227 - [32minfo[39m - [32mAplicacao funcionando na porta: 3000[39m
2022-11-23 18:22:33:2233 - [32minfo[39m - [32mconectou ao banco de dados![39m
2022-11-23 18:22:33:2233 - [32minfo[39m - [32mAplicacao funcionando na porta: 3000[39m
2022-11-23 18:22:51:2251 - [32minfo[39m - [32mconectou ao banco de dados![39m
2022-11-23 18:22:51:2251 - [32minfo[39m - [32mAplicacao funcionando na porta: 3000[39m
2022-11-23 18:22:54:2254 - [32minfo[39m - [32mconectou ao banco de dados![39m
2022-11-23 18:22:54:2254 - [32minfo[39m - [32mAplicacao funcionando na porta: 3000[39m
2022-11-23 18:23:12:2312 - [32minfo[39m - [32mconectou ao banco de dados![39m
2022-11-23 18:23:12:2312 - [32minfo[39m - [32mAplicacao funcionando na porta: 3000[39m
2022-11-23 18:23:22:2322 - [32minfo[39m - [32mconectou ao banco de dados![39m
2022-11-23 18:23:22:2322 - [32minfo[39m - [32mAplicacao funcionando na porta: 3000[39m
2022-11-23 18:31:05:315 - [32minfo[39m - [32mconectou ao banco de dados![39m
2022-11-23 18:31:05:315 - [32minfo[39m - [32mAplicacao funcionando na porta: 3000[39m
2022-11-23 18:32:17:3217 - [32minfo[39m - [32mErro no sistema: Cast to ObjectId failed for value "637e866c340127be83e8" (type string) at path "_id" for model "Movie"[39m
2022-11-23 18:34:46:3446 - [32minfo[39m - [32mconectou ao banco de dados![39m
2022-11-23 18:34:46:3446 - [32minfo[39m - [32mAplicacao funcionando na porta: 3000[39m
2022-11-23 18:34:51:3451 - [32minfo[39m - [32mconectou ao banco de dados![39m
2022-11-23 18:34:51:3451 - [32minfo[39m - [32mAplicacao funcionando na porta: 3000[39m
2022-11-23 18:34:54:3454 - [32minfo[39m - [32mconectou ao banco de dados![39m
2022-11-23 18:34:54:3454 - [32minfo[39m - [32mAplicacao funcionando na porta: 3000[39m
2022-11-23 18:34:57:3457 - [32minfo[39m - [32mconectou ao banco de dados![39m
2022-11-23 18:34:57:3457 - [32minfo[39m - [32mAplicacao funcionando na porta: 3000[39m
2022-11-23 18:35:01:351 - [32minfo[39m - [32mconectou ao banco de dados![39m
2022-11-23 18:35:01:351 - [32minfo[39m - [32mAplicacao funcionando na porta: 3000[39m
2022-11-23 18:35:07:357 - [32minfo[39m - [32mconectou ao banco de dados![39m
2022-11-23 18:35:07:357 - [32minfo[39m - [32mAplicacao funcionando na porta: 3000[39m
2022-11-23 18:35:12:3512 - [32minfo[39m - [32mconectou ao banco de dados![39m
2022-11-23 18:35:12:3512 - [32minfo[39m - [32mAplicacao funcionando na porta: 3000[39m
2022-11-23 18:40:04:404 - [32minfo[39m - [32mconectou ao banco de dados![39m
2022-11-23 18:40:04:404 - [32minfo[39m - [32mAplicacao funcionando na porta: 3000[39m
